0 info it worked if it ends with ok
1 verbose cli [ '/Users/lshah/.nvm/versions/node/v4.8.3/bin/node',
1 verbose cli   '/Users/lshah/.nvm/versions/node/v4.8.3/bin/npm',
1 verbose cli   'run',
1 verbose cli   'lindt' ]
2 info using npm@2.15.11
3 info using node@v4.8.3
4 verbose stack Error: missing script: lindt
4 verbose stack     at run (/Users/lshah/.nvm/versions/node/v4.8.3/lib/node_modules/npm/lib/run-script.js:142:19)
4 verbose stack     at /Users/lshah/.nvm/versions/node/v4.8.3/lib/node_modules/npm/lib/run-script.js:58:5
4 verbose stack     at /Users/lshah/.nvm/versions/node/v4.8.3/lib/node_modules/npm/node_modules/read-package-json/read-json.js:356:5
4 verbose stack     at checkBinReferences_ (/Users/lshah/.nvm/versions/node/v4.8.3/lib/node_modules/npm/node_modules/read-package-json/read-json.js:320:45)
4 verbose stack     at final (/Users/lshah/.nvm/versions/node/v4.8.3/lib/node_modules/npm/node_modules/read-package-json/read-json.js:354:3)
4 verbose stack     at then (/Users/lshah/.nvm/versions/node/v4.8.3/lib/node_modules/npm/node_modules/read-package-json/read-json.js:124:5)
4 verbose stack     at /Users/lshah/.nvm/versions/node/v4.8.3/lib/node_modules/npm/node_modules/read-package-json/read-json.js:311:12
4 verbose stack     at /Users/lshah/.nvm/versions/node/v4.8.3/lib/node_modules/npm/node_modules/graceful-fs/graceful-fs.js:78:16
4 verbose stack     at FSReqWrap.readFileAfterClose [as oncomplete] (fs.js:380:3)
5 verbose cwd /Users/lshah/work_data/Players/video-js-swf
6 error Darwin 16.7.0
7 error argv "/Users/lshah/.nvm/versions/node/v4.8.3/bin/node" "/Users/lshah/.nvm/versions/node/v4.8.3/bin/npm" "run" "lindt"
8 error node v4.8.3
9 error npm  v2.15.11
10 error missing script: lindt
11 error If you need help, you may report this error at:
11 error     <https://github.com/npm/npm/issues>
12 verbose exit [ 1, true ]
